\BOOKMARK [1][-]{section.1}{Introduction}{}
\BOOKMARK [2][-]{subsection.1.1}{Why the POT package?}{section.1}
\BOOKMARK [2][-]{subsection.1.2}{Obtaining the package/guide}{section.1}
\BOOKMARK [2][-]{subsection.1.3}{Contents}{section.1}
\BOOKMARK [2][-]{subsection.1.4}{Citing the package/guide}{section.1}
\BOOKMARK [2][-]{subsection.1.5}{Caveat}{section.1}
\BOOKMARK [2][-]{subsection.1.6}{Legalese}{section.1}
\BOOKMARK [1][-]{section.2}{An Introduction the EVT}{}
\BOOKMARK [2][-]{subsection.2.1}{The univariate case}{section.2}
\BOOKMARK [2][-]{subsection.2.2}{The multivariate case}{section.2}
\BOOKMARK [1][-]{section.3}{Basic Use}{}
\BOOKMARK [2][-]{subsection.3.1}{Random Numbers and Distribution Functions}{section.3}
\BOOKMARK [2][-]{subsection.3.2}{Threshold Selection}{section.3}
\BOOKMARK [3][-]{subsubsection.3.2.1}{Threshold Choice plot: tcplot}{subsection.3.2}
\BOOKMARK [3][-]{subsubsection.3.2.2}{Mean Residual Life Plot: mrlplot}{subsection.3.2}
\BOOKMARK [3][-]{subsubsection.3.2.3}{L-Moments plot: lmomplot}{subsection.3.2}
\BOOKMARK [3][-]{subsubsection.3.2.4}{Dispersion Index Plot: diplot}{subsection.3.2}
\BOOKMARK [2][-]{subsection.3.3}{Fitting the GPD}{section.3}
\BOOKMARK [3][-]{subsubsection.3.3.1}{The univariate case}{subsection.3.3}
\BOOKMARK [3][-]{subsubsection.3.3.2}{The bivariate case}{subsection.3.3}
\BOOKMARK [3][-]{subsubsection.3.3.3}{Markov Chains for Exceedances}{subsection.3.3}
\BOOKMARK [2][-]{subsection.3.4}{Confidence Intervals}{section.3}
\BOOKMARK [2][-]{subsection.3.5}{Model Checking}{section.3}
\BOOKMARK [2][-]{subsection.3.6}{Declustering Techniques}{section.3}
\BOOKMARK [2][-]{subsection.3.7}{Miscellaneous functions}{section.3}
\BOOKMARK [3][-]{subsubsection.3.7.1}{Return periods: rp2prob and prob2rp}{subsection.3.7}
\BOOKMARK [3][-]{subsubsection.3.7.2}{Unbiased Sample L-Moments: samlmu}{subsection.3.7}
\BOOKMARK [3][-]{subsubsection.3.7.3}{Mobile average window on time series: ts2tsd}{subsection.3.7}
\BOOKMARK [1][-]{section.4}{A Concrete Statistical Analysis of Peaks Over a Threshold}{}
\BOOKMARK [1][-]{section.A}{Dependence Models for Bivariate Extreme Value Distributions}{}
\BOOKMARK [2][-]{subsection.A.1}{The Logisitic model}{section.A}
\BOOKMARK [2][-]{subsection.A.2}{The Asymetric Logistic model}{section.A}
\BOOKMARK [2][-]{subsection.A.3}{The Negative Logistic model}{section.A}
\BOOKMARK [2][-]{subsection.A.4}{The Asymetric Negative Logistic model}{section.A}
\BOOKMARK [2][-]{subsection.A.5}{The Mixed model}{section.A}
\BOOKMARK [2][-]{subsection.A.6}{The Asymetric Mixed model}{section.A}
