This is pdfeTeX, Version 3.141592-1.30.6-2.2 (MiKTeX 2.5) (preloaded format=pdflatex 2007.1.11)  26 JAN 2007 17:30
entering extended mode
**d:/ribatet/PackageR/POT/inst/doc/guide.tex
(d:\ribatet\PackageR\POT\inst\doc\guide.tex
LaTeX2e <2005/12/01>
Babel <v3.8g> and hyphenation patterns for english, dumylang, nohyphenation, ge
rman, ngerman, french, loaded.
("C:\MiKTeX 2.5\tex\latex\base\article.cls"
Document Class: article 2005/09/16 v1.4f Standard LaTeX document class
("C:\MiKTeX 2.5\tex\latex\base\size10.clo"
File: size10.clo 2005/09/16 v1.4f Standard LaTeX file (size option)
)
\c@part=\count79
\c@section=\count80
\c@subsection=\count81
\c@subsubsection=\count82
\c@paragraph=\count83
\c@subparagraph=\count84
\c@figure=\count85
\c@table=\count86
\abovecaptionskip=\skip41
\belowcaptionskip=\skip42
\bibindent=\dimen102
) ("C:\MiKTeX 2.5\tex\latex\base\t1enc.sty"
Package: t1enc 1994/06/01 Standard LaTeX package
) ("C:\MiKTeX 2.5\tex\latex\base\inputenc.sty"
Package: inputenc 2006/05/05 v1.1b Input encoding file
\inpenc@prehook=\toks14
\inpenc@posthook=\toks15
("C:\MiKTeX 2.5\tex\latex\base\latin1.def"
File: latin1.def 2006/05/05 v1.1b Input encoding file
)) ("C:\MiKTeX 2.5\tex\generic\babel\babel.sty"
Package: babel 2005/05/21 v3.8g The Babel package
*************************************
* Local config file bblopts.cfg used
*
("C:\MiKTeX 2.5\tex\latex\00miktex\bblopts.cfg"
File: bblopts.cfg 2006/07/31 v1.0 MiKTeX 'babel' configuration
) ("C:\MiKTeX 2.5\tex\generic\babel\english.ldf"
Language: english 2005/03/30 v3.3o English support from the babel system
("C:\MiKTeX 2.5\tex\generic\babel\babel.def"
File: babel.def 2005/05/21 v3.8g Babel common definitions
\babel@savecnt=\count87
\U@D=\dimen103
)
\l@british = a dialect from \language\l@english 
\l@UKenglish = a dialect from \language\l@english 
\l@canadian = a dialect from \language\l@american 
\l@australian = a dialect from \language\l@british 
\l@newzealand = a dialect from \language\l@british 
)) ("C:\MiKTeX 2.5\tex\latex\amsmath\amsmath.sty"
Package: amsmath 2000/07/18 v2.13 AMS math features
\@mathmargin=\skip43
For additional information on amsmath, use the `?' option.
("C:\MiKTeX 2.5\tex\latex\amsmath\amstext.sty"
Package: amstext 2000/06/29 v2.01
("C:\MiKTeX 2.5\tex\latex\amsmath\amsgen.sty"
File: amsgen.sty 1999/11/30 v2.0
\@emptytoks=\toks16
\ex@=\dimen104
)) ("C:\MiKTeX 2.5\tex\latex\amsmath\amsbsy.sty"
Package: amsbsy 1999/11/29 v1.2d
\pmbraise@=\dimen105
) ("C:\MiKTeX 2.5\tex\latex\amsmath\amsopn.sty"
Package: amsopn 1999/12/14 v2.01 operator names
)
\inf@bad=\count88
LaTeX Info: Redefining \frac on input line 211.
\uproot@=\count89
\leftroot@=\count90
LaTeX Info: Redefining \overline on input line 307.
\classnum@=\count91
\DOTSCASE@=\count92
LaTeX Info: Redefining \ldots on input line 379.
LaTeX Info: Redefining \dots on input line 382.
LaTeX Info: Redefining \cdots on input line 467.
\Mathstrutbox@=\box26
\strutbox@=\box27
\big@size=\dimen106
LaTeX Font Info:    Redeclaring font encoding OML on input line 567.
LaTeX Font Info:    Redeclaring font encoding OMS on input line 568.
\macc@depth=\count93
\c@MaxMatrixCols=\count94
\dotsspace@=\muskip10
\c@parentequation=\count95
\dspbrk@lvl=\count96
\tag@help=\toks17
\row@=\count97
\column@=\count98
\maxfields@=\count99
\andhelp@=\toks18
\eqnshift@=\dimen107
\alignsep@=\dimen108
\tagshift@=\dimen109
\tagwidth@=\dimen110
\totwidth@=\dimen111
\lineht@=\dimen112
\@envbody=\toks19
\multlinegap=\skip44
\multlinetaggap=\skip45
\mathdisplay@stack=\toks20
LaTeX Info: Redefining \[ on input line 2666.
LaTeX Info: Redefining \] on input line 2667.
) ("C:\MiKTeX 2.5\tex\latex\amsfonts\amssymb.sty"
Package: amssymb 2002/01/22 v2.2d
("C:\MiKTeX 2.5\tex\latex\amsfonts\amsfonts.sty"
Package: amsfonts 2001/10/25 v2.2f
\symAMSa=\mathgroup4
\symAMSb=\mathgroup5
LaTeX Font Info:    Overwriting math alphabet `\mathfrak' in version `bold'
(Font)                  U/euf/m/n --> U/euf/b/n on input line 132.
)) ("C:\MiKTeX 2.5\tex\latex\amscls\amsthm.sty"
Package: amsthm 2004/08/06 v2.20
\thm@style=\toks21
\thm@bodyfont=\toks22
\thm@headfont=\toks23
\thm@notefont=\toks24
\thm@headpunct=\toks25
\thm@preskip=\skip46
\thm@postskip=\skip47
\thm@headsep=\skip48
\dth@everypar=\toks26
) ("C:\MiKTeX 2.5\tex\latex\graphics\graphicx.sty"
Package: graphicx 1999/02/16 v1.0f Enhanced LaTeX Graphics (DPC,SPQR)
("C:\MiKTeX 2.5\tex\latex\graphics\keyval.sty"
Package: keyval 1999/03/16 v1.13 key=value parser (DPC)
\KV@toks@=\toks27
) ("C:\MiKTeX 2.5\tex\latex\graphics\graphics.sty"
Package: graphics 2006/02/20 v1.0o Standard LaTeX Graphics (DPC,SPQR)
("C:\MiKTeX 2.5\tex\latex\graphics\trig.sty"
Package: trig 1999/03/16 v1.09 sin cos tan (DPC)
) ("C:\MiKTeX 2.5\tex\latex\00miktex\graphics.cfg"
File: graphics.cfg 2005/12/29 v1.2 MiKTeX 'graphics' configuration
)
Package graphics Info: Driver file: pdftex.def on input line 90.
("C:\MiKTeX 2.5\tex\latex\graphics\pdftex.def"
File: pdftex.def 2006/08/14 v0.03t Graphics/color for pdfTeX
\Gread@gobject=\count100
))
\Gin@req@height=\dimen113
\Gin@req@width=\dimen114
) ("C:\MiKTeX 2.5\tex\latex\float\float.sty"
Package: float 2001/11/08 v1.3d Float enhancements (AL)
\c@float@type=\count101
\float@exts=\toks28
\float@box=\box28
\@float@everytoks=\toks29
\@floatcapt=\box29
) ("C:\MiKTeX 2.5\tex\latex\ltxmisc\url.sty"
\Urlmuskip=\muskip11
Package: url 2005/06/27  ver 3.2  Verb mode for urls, etc.
) ("C:\MiKTeX 2.5\tex\latex\natbib\natbib.sty"
Package: natbib 2006/09/06 7.4a (PWD)
\bibhang=\skip49
\bibsep=\skip50
LaTeX Info: Redefining \cite on input line 541.
\c@NAT@ctr=\count102
) ("C:\MiKTeX 2.5\tex\latex\hyperref\hyperref.sty"
Package: hyperref 2006/12/30 v6.75k Hypertext links for LaTeX
\@linkdim=\dimen115
\Hy@linkcounter=\count103
\Hy@pagecounter=\count104
("C:\MiKTeX 2.5\tex\latex\hyperref\pd1enc.def"
File: pd1enc.def 2006/12/30 v6.75k Hyperref: PDFDocEncoding definition (HO)
) ("C:\MiKTeX 2.5\tex\latex\00miktex\hyperref.cfg"
File: hyperref.cfg 2006/02/14 v1.1 MiKTeX 'hyperref' configuration
) ("C:\MiKTeX 2.5\tex\latex\oberdiek\kvoptions.sty"
Package: kvoptions 2006/08/22 v2.4 Connects package keyval with LaTeX options (
HO)
)
Package hyperref Info: Hyper figures OFF on input line 2269.
Package hyperref Info: Link nesting OFF on input line 2274.
Package hyperref Info: Hyper index ON on input line 2277.
Package hyperref Info: Plain pages OFF on input line 2284.
Package hyperref Info: Backreferencing OFF on input line 2289.
Implicit mode ON; LaTeX internals redefined
Package hyperref Info: Bookmarks ON on input line 2419.
LaTeX Info: Redefining \url on input line 2574.
\Fld@menulength=\count105
\Field@Width=\dimen116
\Fld@charsize=\dimen117
\Choice@toks=\toks30
\Field@toks=\toks31
Package hyperref Info: Hyper figures OFF on input line 3052.
Package hyperref Info: Link nesting OFF on input line 3057.
Package hyperref Info: Hyper index ON on input line 3060.
Package hyperref Info: backreferencing OFF on input line 3067.
Package hyperref Info: Link coloring OFF on input line 3072.
\Hy@abspage=\count106
\c@Item=\count107
\c@Hfootnote=\count108
)
*hyperref using default driver hpdftex*
("C:\MiKTeX 2.5\tex\latex\hyperref\hpdftex.def"
File: hpdftex.def 2006/12/30 v6.75k Hyperref driver for pdfTeX
\Fld@listcount=\count109
)
\c@defi=\count110
(c:\R-2.4.1\share\texmf\Sweave.sty

LaTeX Warning: You have requested package `c:/R-2.4.1/share/texmf/Sweave',
               but the package provides `Sweave'.

Package: Sweave 
("C:\MiKTeX 2.5\tex\latex\base\ifthen.sty"
Package: ifthen 2001/05/26 v1.1c Standard LaTeX ifthen package (DPC)
) ("C:\MiKTeX 2.5\tex\latex\fancyvrb\fancyvrb.sty"
Package: fancyvrb 1998/07/17
Style option: `fancyvrb' v2.6, with DG/SPQR fixes <1998/07/17> (tvz)
\FV@CodeLineNo=\count111
\FV@InFile=\read1
\FV@TabBox=\box30
\c@FancyVerbLine=\count112
\FV@StepNumber=\count113
\FV@OutFile=\write3
No file fancyvrb.cfg.
) ("C:\MiKTeX 2.5\tex\latex\upquote\upquote.sty"
Package: upquote 2003/08/11 v1.1 Covington's upright-quote modification to verb
atim and verb
("C:\MiKTeX 2.5\tex\latex\base\textcomp.sty"
Package: textcomp 2005/09/27 v1.99g Standard LaTeX package
Package textcomp Info: Sub-encoding information:
(textcomp)               5 = only ISO-Adobe without \textcurrency
(textcomp)               4 = 5 + \texteuro
(textcomp)               3 = 4 + \textohm
(textcomp)               2 = 3 + \textestimated + \textcurrency
(textcomp)               1 = TS1 - \textcircled - \t
(textcomp)               0 = TS1 (full)
(textcomp)             Font families with sub-encoding setting implement
(textcomp)             only a restricted character set as indicated.
(textcomp)             Family '?' is the default used for unknown fonts.
(textcomp)             See the documentation for details.
Package textcomp Info: Setting ? sub-encoding to TS1/1 on input line 71.
("C:\MiKTeX 2.5\tex\latex\base\ts1enc.def"
File: ts1enc.def 2001/06/05 v3.0e (jk/car/fm) Standard LaTeX file
)
LaTeX Info: Redefining \oldstylenums on input line 266.
Package textcomp Info: Setting cmr sub-encoding to TS1/0 on input line 281.
Package textcomp Info: Setting cmss sub-encoding to TS1/0 on input line 282.
Package textcomp Info: Setting cmtt sub-encoding to TS1/0 on input line 283.
Package textcomp Info: Setting cmvtt sub-encoding to TS1/0 on input line 284.
Package textcomp Info: Setting cmbr sub-encoding to TS1/0 on input line 285.
Package textcomp Info: Setting cmtl sub-encoding to TS1/0 on input line 286.
Package textcomp Info: Setting ccr sub-encoding to TS1/0 on input line 287.
Package textcomp Info: Setting ptm sub-encoding to TS1/4 on input line 288.
Package textcomp Info: Setting pcr sub-encoding to TS1/4 on input line 289.
Package textcomp Info: Setting phv sub-encoding to TS1/4 on input line 290.
Package textcomp Info: Setting ppl sub-encoding to TS1/3 on input line 291.
Package textcomp Info: Setting pag sub-encoding to TS1/4 on input line 292.
Package textcomp Info: Setting pbk sub-encoding to TS1/4 on input line 293.
Package textcomp Info: Setting pnc sub-encoding to TS1/4 on input line 294.
Package textcomp Info: Setting pzc sub-encoding to TS1/4 on input line 295.
Package textcomp Info: Setting bch sub-encoding to TS1/4 on input line 296.
Package textcomp Info: Setting put sub-encoding to TS1/5 on input line 297.
Package textcomp Info: Setting uag sub-encoding to TS1/5 on input line 298.
Package textcomp Info: Setting ugq sub-encoding to TS1/5 on input line 299.
Package textcomp Info: Setting ul8 sub-encoding to TS1/4 on input line 300.
Package textcomp Info: Setting ul9 sub-encoding to TS1/4 on input line 301.
Package textcomp Info: Setting augie sub-encoding to TS1/5 on input line 302.
Package textcomp Info: Setting dayrom sub-encoding to TS1/3 on input line 303.
Package textcomp Info: Setting dayroms sub-encoding to TS1/3 on input line 304.

Package textcomp Info: Setting pxr sub-encoding to TS1/0 on input line 305.
Package textcomp Info: Setting pxss sub-encoding to TS1/0 on input line 306.
Package textcomp Info: Setting pxtt sub-encoding to TS1/0 on input line 307.
Package textcomp Info: Setting txr sub-encoding to TS1/0 on input line 308.
Package textcomp Info: Setting txss sub-encoding to TS1/0 on input line 309.
Package textcomp Info: Setting txtt sub-encoding to TS1/0 on input line 310.
Package textcomp Info: Setting futs sub-encoding to TS1/4 on input line 311.
Package textcomp Info: Setting futx sub-encoding to TS1/4 on input line 312.
Package textcomp Info: Setting futj sub-encoding to TS1/4 on input line 313.
Package textcomp Info: Setting hlh sub-encoding to TS1/3 on input line 314.
Package textcomp Info: Setting hls sub-encoding to TS1/3 on input line 315.
Package textcomp Info: Setting hlst sub-encoding to TS1/3 on input line 316.
Package textcomp Info: Setting hlct sub-encoding to TS1/5 on input line 317.
Package textcomp Info: Setting hlx sub-encoding to TS1/5 on input line 318.
Package textcomp Info: Setting hlce sub-encoding to TS1/5 on input line 319.
Package textcomp Info: Setting hlcn sub-encoding to TS1/5 on input line 320.
Package textcomp Info: Setting hlcw sub-encoding to TS1/5 on input line 321.
Package textcomp Info: Setting hlcf sub-encoding to TS1/5 on input line 322.
Package textcomp Info: Setting pplx sub-encoding to TS1/3 on input line 323.
Package textcomp Info: Setting pplj sub-encoding to TS1/3 on input line 324.
Package textcomp Info: Setting ptmx sub-encoding to TS1/4 on input line 325.
Package textcomp Info: Setting ptmj sub-encoding to TS1/4 on input line 326.
)) ("C:\MiKTeX 2.5\tex\latex\base\fontenc.sty"
Package: fontenc 2005/09/27 v1.99g Standard LaTeX package
("C:\MiKTeX 2.5\tex\latex\base\t1enc.def"
File: t1enc.def 2005/09/27 v1.99g Standard LaTeX file
LaTeX Font Info:    Redeclaring font encoding T1 on input line 43.
)) ("C:\MiKTeX 2.5\tex\latex\ae\ae.sty"
Package: ae 2001/02/12 1.3 Almost European Computer Modern
("C:\MiKTeX 2.5\tex\latex\base\fontenc.sty"
Package: fontenc 2005/09/27 v1.99g Standard LaTeX package
("C:\MiKTeX 2.5\tex\latex\base\t1enc.def"
File: t1enc.def 2005/09/27 v1.99g Standard LaTeX file
LaTeX Font Info:    Redeclaring font encoding T1 on input line 43.
)
LaTeX Font Info:    Try loading font information for T1+aer on input line 100.
("C:\MiKTeX 2.5\tex\latex\ae\t1aer.fd"
File: t1aer.fd 1997/11/16 Font definitions for T1/aer.
))))
No file guide.aux.
LaTeX Font Info:    Checking defaults for OML/cmm/m/it on input line 32.
LaTeX Font Info:    ... okay on input line 32.
LaTeX Font Info:    Checking defaults for T1/cmr/m/n on input line 32.
LaTeX Font Info:    ... okay on input line 32.
LaTeX Font Info:    Checking defaults for OT1/cmr/m/n on input line 32.
LaTeX Font Info:    ... okay on input line 32.
LaTeX Font Info:    Checking defaults for OMS/cmsy/m/n on input line 32.
LaTeX Font Info:    ... okay on input line 32.
LaTeX Font Info:    Checking defaults for OMX/cmex/m/n on input line 32.
LaTeX Font Info:    ... okay on input line 32.
LaTeX Font Info:    Checking defaults for U/cmr/m/n on input line 32.
LaTeX Font Info:    ... okay on input line 32.
LaTeX Font Info:    Checking defaults for PD1/pdf/m/n on input line 32.
LaTeX Font Info:    ... okay on input line 32.
LaTeX Font Info:    Checking defaults for TS1/cmr/m/n on input line 32.
LaTeX Font Info:    Try loading font information for TS1+cmr on input line 32.
("C:\MiKTeX 2.5\tex\latex\base\ts1cmr.fd"
File: ts1cmr.fd 1999/05/25 v2.5h Standard LaTeX font definitions
)
LaTeX Font Info:    ... okay on input line 32.
("C:\MiKTeX 2.5\tex\context\base\supp-pdf.tex"
[Loading MPS to PDF converter (version 2006.09.02).]
\scratchcounter=\count114
\scratchdimen=\dimen118
\scratchbox=\box31
\nofMPsegments=\count115
\nofMParguments=\count116
\MPscratchCnt=\count117
\MPscratchDim=\dimen119
\MPnumerator=\count118
\everyMPtoPDFconversion=\toks32
)
Package hyperref Info: Link coloring OFF on input line 32.
("C:\MiKTeX 2.5\tex\latex\hyperref\nameref.sty"
Package: nameref 2006/12/27 v2.28 Cross-referencing by name of section
("C:\MiKTeX 2.5\tex\latex\oberdiek\refcount.sty"
Package: refcount 2006/02/20 v3.0 Data extraction from references (HO)
)
\c@section@level=\count119
)
LaTeX Info: Redefining \ref on input line 32.
LaTeX Info: Redefining \pageref on input line 32.
\@outlinefile=\write4
LaTeX Font Info:    Try loading font information for TS1+aer on input line 46.
(c:\R-2.4.1\share\texmf\ts1aer.fd
File: ts1aer.fd 
)
LaTeX Font Info:    Font shape `TS1/aer/m/n' in size <10> not available
(Font)              Font shape `TS1/cmr/m/n' tried instead on input line 46.
LaTeX Font Info:    Try loading font information for U+msa on input line 54.
("C:\MiKTeX 2.5\tex\latex\amsfonts\umsa.fd"
File: umsa.fd 2002/01/19 v2.2g AMS font definitions
)
LaTeX Font Info:    Try loading font information for U+msb on input line 54.
("C:\MiKTeX 2.5\tex\latex\amsfonts\umsb.fd"
File: umsb.fd 2002/01/19 v2.2g AMS font definitions
)

Package natbib Warning: Citation `Rsoft' on page 1 undefined on input line 65.


Package natbib Warning: Citation `Coles2001' on page 1 undefined on input line 
70.


Package natbib Warning: Citation `Kluppelberg1997' on page 1 undefined on input
 line 71.

LaTeX Font Info:    Try loading font information for T1+aett on input line 76.
("C:\MiKTeX 2.5\tex\latex\ae\t1aett.fd"
File: t1aett.fd 1997/11/16 Font definitions for T1/aett.
)

LaTeX Warning: Reference `sec:introEVT' on page 1 undefined on input line 85.


LaTeX Warning: Reference `sec:BasicUse' on page 1 undefined on input line 87.


LaTeX Warning: Reference `sec:concAn' on page 1 undefined on input line 87.

LaTeX Font Info:    Try loading font information for TS1+aett on input line 102
.
(c:\R-2.4.1\share\texmf\ts1aett.fd
File: ts1aett.fd 
)
LaTeX Font Info:    Try loading font information for TS1+cmtt on input line 102
.
("C:\MiKTeX 2.5\tex\latex\base\ts1cmtt.fd"
File: ts1cmtt.fd 1999/05/25 v2.5h Standard LaTeX font definitions
)
LaTeX Font Info:    Font shape `TS1/aett/m/n' in size <10> not available
(Font)              Font shape `TS1/cmtt/m/n' tried instead on input line 102.
[1

{psfonts.map}]

Package natbib Warning: Citation `Fisher1928' on page 2 undefined on input line
 148.


Package natbib Warning: Citation `Jenkinson1955' on page 2 undefined on input l
ine 150.


Package natbib Warning: Citation `Pickands1975' on page 2 undefined on input li
ne 166.


LaTeX Warning: Reference `eq:convMax' on page 2 undefined on input line 171.


Package natbib Warning: Citation `Falk2005' on page 2 undefined on input line 1
94.


Package natbib Warning: Citation `Coles1999' on page 2 undefined on input line 
196.


Package natbib Warning: Citation `Smith1994' on page 2 undefined on input line 
199.


Package natbib Warning: Citation `Smith1997' on page 2 undefined on input line 
199.


Package natbib Warning: Citation `Bortot2000' on page 2 undefined on input line
 199.

[2]

Package natbib Warning: Citation `Kluppelberg2006' on page 3 undefined on input
 line 240.


LaTeX Warning: Reference `sec:copula' on page 3 undefined on input line 246.


Package natbib Warning: Citation `Pickands1981' on page 3 undefined on input li
ne 249.


Package natbib Warning: Citation `Resnick1987' on page 3 undefined on input lin
e 289.

[3]

LaTeX Warning: Reference `eq:convExcess' on page 4 undefined on input line 371.



LaTeX Warning: Reference `eq:GPD' on page 4 undefined on input line 373.

[4] <guide-004.pdf, id=103, 433.62pt x 433.62pt>
File: guide-004.pdf Graphic file (type pdf)
<use guide-004.pdf>

LaTeX Warning: Reference `fig:tcplot' on page 5 undefined on input line 437.


LaTeX Warning: Reference `subsubsection:tcplot' on page 5 undefined on input li
ne 463.

[5] [6 <guide-004.pdf>] <guide-007.pdf, id=140, 433.62pt x 433.62pt>
File: guide-007.pdf Graphic file (type pdf)
<use guide-007.pdf>

LaTeX Warning: Reference `fig:mrlplot' on page 7 undefined on input line 515.

[7 <guide-007.pdf>]

LaTeX Warning: Reference `eq:lomRel' on page 8 undefined on input line 545.

<guide-010.pdf, id=154, 433.62pt x 433.62pt>
File: guide-010.pdf Graphic file (type pdf)
<use guide-010.pdf>

LaTeX Warning: Reference `fig:lmomplot' on page 8 undefined on input line 568.


Package natbib Warning: Citation `Cunnane1979' on page 8 undefined on input lin
e 590.


LaTeX Warning: Reference `subsec:declust' on page 8 undefined on input line 613
.

<guide-012.pdf, id=155, 433.62pt x 433.62pt>
File: guide-012.pdf Graphic file (type pdf)
<use guide-012.pdf>

LaTeX Warning: Reference `fig:diplot' on page 8 undefined on input line 631.


Package natbib Warning: Citation `Coles2001' on page 8 undefined on input line 
646.


Package natbib Warning: Citation `Hosking1987' on page 8 undefined on input lin
e 646.


Package natbib Warning: Citation `Juarez2004' on page 8 undefined on input line
 646.


Package natbib Warning: Citation `Peng2001' on page 8 undefined on input line 6
47.


Package natbib Warning: Citation `Pickands1975' on page 8 undefined on input li
ne 647.

[8] [9 <guide-010.pdf>] [10 <guide-012.pdf>] [11] [12]

LaTeX Warning: Reference `sec:copula' on page 13 undefined on input line 804.


Package natbib Warning: Citation `Smith1997' on page 13 undefined on input line
 806.

[13]

Package natbib Warning: Citation `Coles1999' on page 14 undefined on input line
 855.


Package natbib Warning: Citation `Coles1999' on page 14 undefined on input line
 910.

[14]

LaTeX Warning: Reference `fig:pickdep' on page 15 undefined on input line 913.

<guide-019.pdf, id=215, 433.62pt x 433.62pt>
File: guide-019.pdf Graphic file (type pdf)
<use guide-019.pdf>

Package natbib Warning: Citation `Smith1997' on page 15 undefined on input line
 944.

[15 <guide-019.pdf>] [16] <guide-023.pdf, id=234, 433.62pt x 433.62pt>
File: guide-023.pdf Graphic file (type pdf)
<use guide-023.pdf> <guide-025.pdf, id=235, 433.62pt x 433.62pt>
File: guide-025.pdf Graphic file (type pdf)
<use guide-025.pdf>

LaTeX Warning: Reference `fig:pfrl' on page 17 undefined on input line 1144.

[17] [18 <guide-023.pdf>] [19 <guide-025.pdf>] <guide-028.pdf, id=261, 433.62pt
 x 433.62pt>
File: guide-028.pdf Graphic file (type pdf)
<use guide-028.pdf>

LaTeX Warning: Reference `fig:plotgpd' on page 20 undefined on input line 1183.


[20 <guide-028.pdf>]

LaTeX Warning: Reference `fig:clust' on page 21 undefined on input line 1251.

<guide-032.pdf, id=274, 433.62pt x 433.62pt>
File: guide-032.pdf Graphic file (type pdf)
<use guide-032.pdf> [21] [22 <guide-032.pdf>]

LaTeX Warning: Reference `fig:ts2tsd' on page 23 undefined on input line 1323.

<guide-036.pdf, id=296, 433.62pt x 433.62pt>
File: guide-036.pdf Graphic file (type pdf)
<use guide-036.pdf>

LaTeX Warning: Reference `fig:ts2tsd' on page 23 undefined on input line 1337.

[23 <guide-036.pdf>]

LaTeX Warning: Reference `sec:introEVT' on page 24 undefined on input line 1344
.


LaTeX Warning: Reference `fig:threshSelect' on page 24 undefined on input line 
1373.

<guide-038.pdf, id=309, 433.62pt x 433.62pt>
File: guide-038.pdf Graphic file (type pdf)
<use guide-038.pdf> <guide-041.pdf, id=310, 433.62pt x 433.62pt>
File: guide-041.pdf Graphic file (type pdf)
<use guide-041.pdf>

LaTeX Warning: Reference `fig:checkArdieres' on page 24 undefined on input line
 1445.

[24] [25 <guide-038.pdf>] [26 <guide-041.pdf>]

LaTeX Warning: Reference `fig:pfrlArdieres' on page 27 undefined on input line 
1467.

<guide-044.pdf, id=341, 433.62pt x 433.62pt>
File: guide-044.pdf Graphic file (type pdf)
<use guide-044.pdf> [27] [28 <guide-044.pdf>] [29

]
No file guide.bbl.

Package natbib Warning: There were undefined citations.

[30] (guide.aux)

LaTeX Warning: There were undefined references.


LaTeX Warning: Label(s) may have changed. Rerun to get cross-references right.

 ) 
Here is how much of TeX's memory you used:
 5995 strings out of 95419
 74855 string characters out of 1187704
 131721 words of memory out of 1129277
 8650 multiletter control sequences out of 60000
 46644 words of font info for 99 fonts, out of 1000000 for 2000
 14 hyphenation exceptions out of 8191
 35i,10n,36p,255b,475s stack positions out of 5000i,500n,10000p,200000b,32768s
PDF statistics:
 372 PDF objects out of 300000
 115 named destinations out of 300000
 82 words of extra memory for PDF output out of 10000
<C:/MiKTeX 2.5/fonts/type1/bluesky/cm/cmbx8.pfb><C:/MiKTeX 2.5/fonts/type1/bl
uesky/cm/cmr8.pfb><C:/MiKTeX 2.5/fonts/type1/bluesky/cm/cmr6.pfb><C:/MiKTeX 2.5
/fonts/type1/bluesky/cm/cmr5.pfb><C:/MiKTeX 2.5/fonts/type1/bluesky/cm/cmbxti10
.pfb><C:/MiKTeX 2.5/fonts/type1/bluesky/cm/cmsltt10.pfb><C:/MiKTeX 2.5/fonts/ty
pe1/bluesky/cm/cmti10.pfb><C:/MiKTeX 2.5/fonts/type1/bluesky/cm/cmmi5.pfb><C:/M
iKTeX 2.5/fonts/type1/bluesky/cm/cmsy7.pfb><C:/MiKTeX 2.5/fonts/type1/bluesky/a
ms/msbm10.pfb><C:/MiKTeX 2.5/fonts/type1/bluesky/cm/cmsy10.pfb><C:/MiKTeX 2.5/f
onts/type1/bluesky/cm/cmex10.pfb><C:/MiKTeX 2.5/fonts/type1/bluesky/cm/cmmi7.pf
b><C:/MiKTeX 2.5/fonts/type1/bluesky/cm/cmr7.pfb><C:/MiKTeX 2.5/fonts/type1/blu
esky/cm/cmmi10.pfb> <C:\Documents and Settings\All Users\Application Data\MiKTe
X\2.5\fonts\pk\ljfour\jknappen\ec\dpi600\tctt1000.pk><C:/MiKTeX 2.5/fonts/type1
/bluesky/cm/cmtt10.pfb><C:/MiKTeX 2.5/fonts/type1/bluesky/cm/cmbx10.pfb><C:/MiK
TeX 2.5/fonts/type1/bluesky/cm/cmbx12.pfb> <C:\Documents and Settings\All Users
\Application Data\MiKTeX\2.5\fonts\pk\ljfour\jknappen\ec\dpi600\tcrm1000.pk><C:
/MiKTeX 2.5/fonts/type1/bluesky/cm/cmr10.pfb><C:/MiKTeX 2.5/fonts/type1/bluesky
/cm/cmr12.pfb><C:/MiKTeX 2.5/fonts/type1/bluesky/cm/cmr17.pfb>
Output written on guide.pdf (30 pages, 1484135 bytes).
